---------------------- 11/18/2012 10:00:46 PM ------------------------
 
-- Instructions --
0x0000 INT   INT         .asm    0       -- Idle/Single Cycle Instruction
0x0001 MEM   MEM         .asm    1       -- Memory Operation Instruction
0x0002 STK   STK         .asm    2       -- Stack Operation Instruction (PLx/PHx)
0x0003 JMP   JMP         .asm    3       -- Jump/Branch Operation
0x0004 JSR   JSR         .asm    4       -- JSR Instruction
0x0005 RTN   RTN         .asm    5       -- Return Instruction (RTS/RTI)
0x0006 INV   INV         .asm    6       -- Invalid Instruction/NOP
0x0007 BRK   BRK         .asm    7       -- BRK Instruction/Trap/Interrupt
 
-- Equates --
0x0000 XFR         .equ    0   -- ALU <= {OSel: 0, A, X, Y, P, S, M}
0x0001 AND         .equ    1   -- ALU <= A & M;      N <= ALU[7]; Z <= ~|ALU;
0x0002 ORA         .equ    2   -- ALU <= A | M;      N <= ALU[7]; Z <= ~|ALU;
0x0003 EOR         .equ    3   -- ALU <= A ^ M;      N <= ALU[7]; Z <= ~|ALU;
0x0004 ADC         .equ    4   -- ALU <= Q +  M + C; N <= ALU[7]; Z <= ~|ALU;
0x0005 SBC         .equ    5   -- ALU <= Q + ~M + C; N <= ALU[7]; Z <= ~|ALU;
0x0006 INC         .equ    6   -- ALU <= Q +  1 + 0; N <= ALU[7]; Z <= ~|ALU; C <= COut
0x0007 DEC         .equ    7   -- ALU <= Q + ~1 + 1; N <= ALU[7]; Z <= ~|ALU; C <= COut
0x0008 ASL         .equ    8   -- ALU <= R << 1;     N <= ALU[6]; Z <= ~|ALU; C <= R[7]
0x0009 LSR         .equ    9   -- ALU <= R >> 1;     N <= 0;      Z <= ~|ALU; C <= R[0]
0x000A ROL         .equ    10  -- ALU <= {R[6:0], C} N <= ALU[7]; Z <= ~|ALU; C <= R[7]
0x000B ROR         .equ    11  -- ALU <= {C, R[7:1]} N <= ALU[7]; Z <= ~|ALU; C <= R[0]
0x000C BIT         .equ    12  -- ALU <= (A & M);    N <= M[7];   Z <= ~|(A & M);
0x000D TRB         .equ    13  -- ALU <= M & ~A;                  Z <= ~|(A & M);
0x000E TSB         .equ    14  -- ALU <= M |  A;                  Z <= ~|(A & M);
0x000F CMP         .equ    15  -- ALU <= Q + ~M + 1  N <= ALU[7]; Z <= ~|ALU; C <= COut
0x0000 QS_A      .equ    0   -- Select A (default)
0x0001 QS_M      .equ    1   -- Select M
0x0002 QS_X      .equ    2   -- Select X
0x0003 QS_Y      .equ    3   -- Select Y
0x0001 WS_A        .equ    1   -- Write Accumulator (Binary)
0x0002 WS_X        .equ    2   -- Write X (Pre-Index Register)
0x0003 WS_Y        .equ    3   -- Write Y (Post-Index Register)
0x0005 WS_S        .equ    5   -- Write S (Stack Pointer)
0x0006 WS_P        .equ    6   -- Write P (Processor Status Word)
0x0001 OS_A        .equ    1   -- Output Accumulator
0x0002 OS_X        .equ    2   -- Output X
0x0003 OS_Y        .equ    3   -- Output Y
0x0004 OS_Z        .equ    4   -- Output Zero (0)
0x0005 OS_S        .equ    5   -- Output S (Stack Pointer)
0x0006 OS_P        .equ    6   -- Output P (Processor Status Word)
0x0007 OS_M        .equ    7   -- Output M (Transfer)
0x0008 CC          .equ    8   -- CC_Out = ~C;
0x0009 CS          .equ    9   -- CC_Out =  C;
0x000A NE          .equ    10  -- CC_Out = ~Z;
0x000B EQ          .equ    11  -- CC_Out =  Z;
0x000C VC          .equ    12  -- CC_Out = ~V;
0x000D VS          .equ    13  -- CC_Out =  V;
0x000E PL          .equ    14  -- CC_OUT = ~N;
0x000F MI          .equ    15  -- CC_Out =  N;
0x0010 CLC         .equ    16  -- C <= 0;
0x0011 SEC         .equ    17  -- C <= 1;
0x0012 CLI         .equ    18  -- I <= 0;
0x0013 SEI         .equ    19  -- I <= 1;
0x0014 CLD         .equ    20  -- D <= 0;
0x0015 SED         .equ    21  -- D <= 1;
0x0016 CLV         .equ    22  -- V <= 0;
0x0017 BRK         .equ    23  -- B <= 1;
0x0018 Z           .equ    24  -- Z <= ~|(A & M);
0x0019 NZ          .equ    25  -- N <= ALU[7]; Z <= ~|ALU;
0x001A NZC         .equ    26  -- N <= ALU[7]; Z <= ~|ALU; C <= COut
0x001B NVZ         .equ    27  -- N <= M[7];   Z <= ~|(A & M); V <= M[6];
0x001C NVZC        .equ    28  -- N <= ALU[7]; Z <= ~|ALU; V <= OVF;  C <= COut;
0x001F PSW         .equ    31  -- P <= M;
 
-- Defines --
0x0003 Inst        .def    3       -- Instruction (Addressing Mode)
0x0001 RMW         .def    1       -- Read-Modify-Write Instruction Type Field
0x0004 ALU_OP      .def    4       -- ALU Operation
0x0002 QSel        .def    2       -- ALU Q Operand Select
0x0001 RSel        .def    1       -- ALU R Operand Select
0x0001 AU_Mode     .def    1       -- ALU Arithmetic Unit Mode (1 : Subtraction)
0x0001 CSel        .def    1       -- ALU Arithmetic Unit Carry Input Select
0x0003 WSel        .def    3       -- ALU Register Write Select
0x0003 OSel        .def    3       -- ALU Register Output Select
0x0005 CCSel       .def    5       -- ALU Condition Code Operation
0x0008 Opcode      .def    8       -- Instruction Opcode
 
-- Labels --
0x0000 _start
0x0100 _end
 
File  Prog     
Line  Line   Opcode                                Line
0255 0x0000 _start: .org 0
0257  --------------------------------------------------------------------------------
0259 0x0000  E0061700 BRK 0,XFR,QS_A,0,0,0,WS_P, ,BRK ,0x00 -- 00: BRK #imm
0260 0x0001  22011901 MEM 0,ORA,QS_A,0,0,0,WS_A, ,NZ ,0x01 -- 01: ORA (dp,X)
0261 0x0002  C0000002 INV 0,XFR,QS_A,0,0,0, , , ,0x02 -- 02: NOP
0262 0x0003  C0000003 INV 0,XFR,QS_A,0,0,0, , , ,0x03 -- 03: NOP
0263 0x0004  3E061804 MEM 1,TSB,QS_A,0,0,0,WS_P, ,Z ,0x04 -- 04: TSB dp
0264 0x0005  22011905 MEM 0,ORA,QS_A,0,0,0,WS_A, ,NZ ,0x05 -- 05: ORA dp
0265 0x0006  38461A06 MEM 1,ASL,QS_M,0,0,0,WS_P, ,NZC ,0x06 -- 06: ASL dp
0266 0x0007  C0000007 INV 0,XFR,QS_A,0,0,0, , , ,0x07 -- 07: NOP
0267 0x0008  4000C008 STK 0,XFR,QS_A,0,0,0, ,OS_P, ,0x08 -- 08: PHP
0268 0x0009  22011909 MEM 0,ORA,QS_A,0,0,0,WS_A, ,NZ ,0x09 -- 09: ORA #imm
0269 0x000A  08011A0A INT 0,ASL,QS_A,0,0,0,WS_A, ,NZC ,0x0A -- 0A: ASL A
0270 0x000B  C000000B INV 0,XFR,QS_A,0,0,0, , , ,0x0B -- 0B: NOP
0271 0x000C  3E06180C MEM 1,TSB,QS_A,0,0,0,WS_P, ,Z ,0x0C -- 0C: TSB abs
0272 0x000D  2201190D MEM 0,ORA,QS_A,0,0,0,WS_A, ,NZ ,0x0D -- 0D: ORA abs
0273 0x000E  38461A0E MEM 1,ASL,QS_M,0,0,0,WS_P, ,NZC ,0x0E -- OE: ASL abs
0274 0x000F  C000000F INV 0,XFR,QS_A,0,0,0, , , ,0x0F -- 0F: NOP
0276  --------------------------------------------------------------------------------
0278 0x0010  60000E10 JMP 0,XFR,QS_A,0,0,0, , ,PL ,0x10 -- 10: BPL rel
0279 0x0011  22011911 MEM 0,ORA,QS_A,0,0,0,WS_A, ,NZ ,0x11 -- 11: ORA (dp),Y
0280 0x0012  22011912 MEM 0,ORA,QS_A,0,0,0,WS_A, ,NZ ,0x12 -- 12: ORA (dp)
0281 0x0013  C0000013 INV 0,XFR,QS_A,0,0,0, , , ,0x13 -- 13: NOP
0282 0x0014  3D461814 MEM 1,TRB,QS_M,0,0,0,WS_P, ,Z ,0x14 -- 14: TRB dp
0283 0x0015  22011915 MEM 0,ORA,QS_A,0,0,0,WS_A, ,NZ ,0x15 -- 15: ORA dp,X
0284 0x0016  38461A16 MEM 1,ASL,QS_M,0,0,0,WS_P, ,NZC ,0x16 -- 16: ASL dp,X
0285 0x0017  C0000017 INV 0,XFR,QS_A,0,0,0, , , ,0x17 -- 17: NOP
0286 0x0018  00061018 INT 0,XFR,QS_A,0,0,0,WS_P, ,CLC ,0x18 -- 18: CLC
0287 0x0019  22011919 MEM 0,ORA,QS_A,0,0,0,WS_A, ,NZ ,0x19 -- 19: ORA abs,Y
0288 0x001A  0629191A INT 0,INC,QS_A,1,0,1,WS_A, ,NZ ,0x1A -- 1A: INC A
0289 0x001B  C000001B INV 0,XFR,QS_A,0,0,0, , , ,0x1B -- 1B: NOP
0290 0x001C  3D06181C MEM 1,TRB,QS_A,0,0,0,WS_P, ,Z ,0x1C -- 1C: TRB abs
0291 0x001D  2201191D MEM 0,ORA,QS_A,0,0,0,WS_A, ,NZ ,0x1D -- 1D: ORA abs,X
0292 0x001E  38461A1E MEM 1,ASL,QS_M,0,0,0,WS_P, ,NZC ,0x1E -- 1E: ASL abs,X
0293 0x001F  C000001F INV 0,XFR,QS_A,0,0,0, , , ,0x1F -- 1F: NOP
0295  --------------------------------------------------------------------------------
0297 0x0020  80000020 JSR 0,XFR,QS_A,0,0,0, , , ,0x20 -- 20: JSR abs
0298 0x0021  21011921 MEM 0,AND,QS_A,0,0,0,WS_A, ,NZ ,0x21 -- 21: AND (dp,X)
0299 0x0022  C0000022 INV 0,XFR,QS_A,0,0,0, , , ,0x22 -- 22: NOP
0300 0x0023  C0000023 INV 0,XFR,QS_A,0,0,0, , , ,0x23 -- 23: NOP
0301 0x0024  2C061B24 MEM 0,BIT,QS_A,0,0,0,WS_P, ,NVZ ,0x24 -- 24: BIT dp
0302 0x0025  21011925 MEM 0,AND,QS_A,0,0,0,WS_A, ,NZ ,0x25 -- 25: AND dp
0303 0x0026  3A461A26 MEM 1,ROL,QS_M,0,0,0,WS_P, ,NZC ,0x26 -- 26: ROL dp
0304 0x0027  C0000027 INV 0,XFR,QS_A,0,0,0, , , ,0x27 -- 27: NOP
0305 0x0028  40061F28 STK 0,XFR,QS_A,0,0,0,WS_P, ,PSW ,0x28 -- 28: PLP
0306 0x0029  21011929 MEM 0,AND,QS_A,0,0,0,WS_A, ,NZ ,0x29 -- 29: AND #imm
0307 0x002A  0A011A2A INT 0,ROL,QS_A,0,0,0,WS_A, ,NZC ,0x2A -- 2A: ROL A
0308 0x002B  C000002B INV 0,XFR,QS_A,0,0,0, , , ,0x2B -- 2B: NOP
0309 0x002C  2C061B2C MEM 0,BIT,QS_A,0,0,0,WS_P, ,NVZ ,0x2C -- 2C: BIT abs
0310 0x002D  2101192D MEM 0,AND,QS_A,0,0,0,WS_A, ,NZ ,0x2D -- 2D: AND abs
0311 0x002E  3A461A2E MEM 1,ROL,QS_M,0,0,0,WS_P, ,NZC ,0x2E -- 2E: ROL abs
0312 0x002F  C000002F INV 0,XFR,QS_A,0,0,0, , , ,0x2F -- 2F: NOP
0314  --------------------------------------------------------------------------------
0316 0x0030  60000F30 JMP 0,XFR,QS_A,0,0,0, , ,MI ,0x30 -- 30: BMI rel
0317 0x0031  21011931 MEM 0,AND,QS_A,0,0,0,WS_A, ,NZ ,0x31 -- 31: AND (dp),Y
0318 0x0032  21011932 MEM 0,AND,QS_A,0,0,0,WS_A, ,NZ ,0x32 -- 32: AND (dp)
0319 0x0033  C0000033 INV 0,XFR,QS_A,0,0,0, , , ,0x33 -- 33: NOP
0320 0x0034  2C061B34 MEM 0,BIT,QS_A,0,0,0,WS_P, ,NVZ ,0x34 -- 34: BIT dp,X
0321 0x0035  21011935 MEM 0,AND,QS_A,0,0,0,WS_A, ,NZ ,0x35 -- 35: AND dp,X
0322 0x0036  3A461A36 MEM 1,ROL,QS_M,0,0,0,WS_P, ,NZC ,0x36 -- 36: ROL dp,X
0323 0x0037  C0000037 INV 0,XFR,QS_A,0,0,0, , , ,0x37 -- 37: NOP
0324 0x0038  01061138 INT 0,AND,QS_A,0,0,0,WS_P, ,SEC ,0x38 -- 38: SEC
0325 0x0039  21011939 MEM 0,AND,QS_A,0,0,0,WS_A, ,NZ ,0x39 -- 39: AND abs,Y
0326 0x003A  0739193A INT 0,DEC,QS_A,1,1,1,WS_A, ,NZ ,0x3A -- 3A: DEC A
0327 0x003B  C000003B INV 0,XFR,QS_A,0,0,0, , , ,0x3B -- 3B: NOP
0328 0x003C  2C061B3C MEM 0,BIT,QS_A,0,0,0,WS_P, ,NVZ ,0x3C -- 3C: BIT abs,X
0329 0x003D  2101193D MEM 0,AND,QS_A,0,0,0,WS_A, ,NZ ,0x3D -- 3D: AND abs,X
0330 0x003E  3A461A3E MEM 1,ROL,QS_M,0,0,0,WS_P, ,NZC ,0x3E -- 3E: ROL abs,X
0331 0x003F  C000003F INV 0,XFR,QS_A,0,0,0, , , ,0x3F -- 3F: NOP
0333  --------------------------------------------------------------------------------
0335 0x0040  A0061F40 RTN 0,XFR,QS_A,0,0,0,WS_P, ,PSW ,0x40 -- 40: RTI
0336 0x0041  23011941 MEM 0,EOR,QS_A,0,0,0,WS_A, ,NZ ,0x41 -- 41: EOR (dp,X)
0337 0x0042  C0000042 INV 0,XFR,QS_A,0,0,0, , , ,0x42 -- 42: NOP
0338 0x0043  C0000043 INV 0,XFR,QS_A,0,0,0, , , ,0x43 -- 43: NOP
0339 0x0044  C0000044 INV 0,XFR,QS_A,0,0,0, , , ,0x44 -- 44: NOP
0340 0x0045  23011945 MEM 0,EOR,QS_A,0,0,0,WS_A, ,NZ ,0x45 -- 45: EOR dp
0341 0x0046  39461A46 MEM 1,LSR,QS_M,0,0,0,WS_P, ,NZC ,0x46 -- 46: LSR dp
0342 0x0047  C0000047 INV 0,XFR,QS_A,0,0,0, , , ,0x47 -- 47: NOP
0343 0x0048  40002048 STK 0,XFR,QS_A,0,0,0, ,OS_A, ,0x48 -- 48: PHA
0344 0x0049  23011949 MEM 0,EOR,QS_A,0,0,0,WS_A, ,NZ ,0x49 -- 49: EOR #imm
0345 0x004A  09011A4A INT 0,LSR,QS_A,0,0,0,WS_A, ,NZC ,0x4A -- 4A: LSR A
0346 0x004B  C000004B INV 0,XFR,QS_A,0,0,0, , , ,0x4B -- 4B: NOP
0347 0x004C  6000004C JMP 0,XFR,QS_A,0,0,0, , , ,0x4C -- 4C: JMP abs
0348 0x004D  2301194D MEM 0,EOR,QS_A,0,0,0,WS_A, ,NZ ,0x4D -- 4D: EOR abs
0349 0x004E  39461A4E MEM 1,LSR,QS_M,0,0,0,WS_P, ,NZC ,0x4E -- 4E: LSR abs
0350 0x004F  C000004F INV 0,XFR,QS_A,0,0,0, , , ,0x4F -- 4F: NOP
0352  --------------------------------------------------------------------------------
0354 0x0050  60000C50 JMP 0,XFR,QS_A,0,0,0, , ,VC ,0x50 -- 50: BVC rel
0355 0x0051  23011951 MEM 0,EOR,QS_A,0,0,0,WS_A, ,NZ ,0x51 -- 51: EOR (dp),Y
0356 0x0052  23011952 MEM 0,EOR,QS_A,0,0,0,WS_A, ,NZ ,0x52 -- 52: EOR (dp)
0357 0x0053  C0000053 INV 0,XFR,QS_A,0,0,0, , , ,0x53 -- 53: NOP
0358 0x0054  C0000054 INV 0,XFR,QS_A,0,0,0, , , ,0x54 -- 54: NOP
0359 0x0055  23011955 MEM 0,EOR,QS_A,0,0,0,WS_A, ,NZ ,0x55 -- 55: EOR dp,X
0360 0x0056  39461A56 MEM 1,LSR,QS_M,0,0,0,WS_P, ,NZC ,0x56 -- 56: LSR dp,X
0361 0x0057  C0000057 INV 0,XFR,QS_A,0,0,0, , , ,0x57 -- 57: NOP
0362 0x0058  00061258 INT 0,XFR,QS_A,0,0,0,WS_P, ,CLI ,0x58 -- 58: CLI
0363 0x0059  23011959 MEM 0,EOR,QS_A,0,0,0,WS_A, ,NZ ,0x59 -- 59: EOR abs,Y
0364 0x005A  4000605A STK 0,XFR,QS_A,0,0,0, ,OS_Y, ,0x5A -- 5A: PHY
0365 0x005B  C000005B INV 0,XFR,QS_A,0,0,0, , , ,0x5B -- 5B: NOP
0366 0x005C  C000005C INV 0,XFR,QS_A,0,0,0, , , ,0x5C -- 5C: NOP
0367 0x005D  2301195D MEM 0,EOR,QS_A,0,0,0,WS_A, ,NZ ,0x5D -- 5D: EOR abs,X
0368 0x005E  39461A5E MEM 1,LSR,QS_M,0,0,0,WS_P, ,NZC ,0x5E -- 5E: LSR abs,X
0369 0x005F  C000005F INV 0,XFR,QS_A,0,0,0, , , ,0x5F -- 5F: NOP
0371  --------------------------------------------------------------------------------
0373 0x0060  A0000060 RTN 0,XFR,QS_A,0,0,0, , , ,0x60 -- 60: RTS
0374 0x0061  24011C61 MEM 0,ADC,QS_A,0,0,0,WS_A, ,NVZC,0x61 -- 61: ADC (dp,X)
0375 0x0062  C0000062 INV 0,XFR,QS_A,0,0,0, , , ,0x62 -- 62: NOP
0376 0x0063  C0000063 INV 0,XFR,QS_A,0,0,0, , , ,0x63 -- 63: NOP
0377 0x0064  20008064 MEM 0,XFR,QS_A,0,0,0, ,OS_Z, ,0x64 -- 64: STZ dp
0378 0x0065  24011C65 MEM 0,ADC,QS_A,0,0,0,WS_A, ,NVZC,0x65 -- 65: ADC dp
0379 0x0066  3B461A66 MEM 1,ROR,QS_M,0,0,0,WS_P, ,NZC ,0x66 -- 66: ROR dp
0380 0x0067  C0000067 INV 0,XFR,QS_A,0,0,0, , , ,0x67 -- 67: NOP
0381 0x0068  00011968 INT 0,XFR,QS_A,0,0,0,WS_A, ,NZ ,0x68 -- 68: PLA
0382 0x0069  24011C69 MEM 0,ADC,QS_A,0,0,0,WS_A, ,NVZC,0x69 -- 69: ADC #imm
0383 0x006A  2B011A6A MEM 0,ROR,QS_A,0,0,0,WS_A, ,NZC ,0x6A -- 6A: ROR A
0384 0x006B  C000006B INV 0,XFR,QS_A,0,0,0, , , ,0x6B -- 6B: NOP
0385 0x006C  6000006C JMP 0,XFR,QS_A,0,0,0, , , ,0x6C -- 6C: JMP (abs)
0386 0x006D  24011C6D MEM 0,ADC,QS_A,0,0,0,WS_A, ,NVZC,0x6D -- 6D: ADC abs
0387 0x006E  3B461A6E MEM 1,ROR,QS_M,0,0,0,WS_P, ,NZC ,0x6E -- 6E: ROR abs
0388 0x006F  C000006F INV 0,XFR,QS_A,0,0,0, , , ,0x6F -- 6F: NOP
0390  --------------------------------------------------------------------------------
0392 0x0070  60000D70 JMP 0,XFR,QS_A,0,0,0, , ,VS ,0x70 -- 70: BVS rel
0393 0x0071  24011C71 MEM 0,ADC,QS_A,0,0,0,WS_A, ,NVZC,0x71 -- 71: ADC (dp),Y
0394 0x0072  24011C72 MEM 0,ADC,QS_A,0,0,0,WS_A, ,NVZC,0x72 -- 72: ADC (dp)
0395 0x0073  C0000073 INV 0,XFR,QS_A,0,0,0, , , ,0x73 -- 73: NOP
0396 0x0074  20008074 MEM 0,XFR,QS_A,0,0,0, ,OS_Z, ,0x74 -- 74: STZ dp,X
0397 0x0075  24011C75 MEM 0,ADC,QS_A,0,0,0,WS_A, ,NVZC,0x75 -- 75: ADC dp,X
0398 0x0076  3B461A76 MEM 1,ROR,QS_M,0,0,0,WS_P, ,NZC ,0x76 -- 76: ROR dp,X
0399 0x0077  C0000077 INV 0,XFR,QS_A,0,0,0, , , ,0x77 -- 77: NOP
0400 0x0078  00061378 INT 0,XFR,QS_A,0,0,0,WS_P, ,SEI ,0x78 -- 78: SEI
0401 0x0079  24011C79 MEM 0,ADC,QS_A,0,0,0,WS_A, ,NVZC,0x79 -- 79: ADC abs,Y
0402 0x007A  4043197A STK 0,XFR,QS_M,0,0,0,WS_Y, ,NZ ,0x7A -- 7A: PLY
0403 0x007B  C000007B INV 0,XFR,QS_A,0,0,0, , , ,0x7B -- 7B: NOP
0404 0x007C  6000007C JMP 0,XFR,QS_A,0,0,0, , , ,0x7C -- 7C: JMP (abs,X)
0405 0x007D  24011C7D MEM 0,ADC,QS_A,0,0,0,WS_A, ,NVZC,0x7D -- 7D: ADC abs,X
0406 0x007E  3B461A7E MEM 1,ROR,QS_M,0,0,0,WS_P, ,NZC ,0x7E -- 7E: ROR abs,X
0407 0x007F  C000007F INV 0,XFR,QS_A,0,0,0, , , ,0x7F -- 7F: NOP
0409  --------------------------------------------------------------------------------
0411 0x0080  60000080 JMP 0,XFR,QS_A,0,0,0, , , ,0x80 -- 80: BRA rel
0412 0x0081  20002081 MEM 0,XFR,QS_A,0,0,0, ,OS_A, ,0x81 -- 81: STA (dp,X)
0413 0x0082  C0000082 INV 0,XFR,QS_A,0,0,0, , , ,0x82 -- 82: NOP
0414 0x0083  C0000083 INV 0,XFR,QS_A,0,0,0, , , ,0x83 -- 83: NOP
0415 0x0084  20006084 MEM 0,XFR,QS_A,0,0,0, ,OS_Y, ,0x84 -- 84: STY dp
0416 0x0085  20002085 MEM 0,XFR,QS_A,0,0,0, ,OS_A, ,0x85 -- 85: STA dp
0417 0x0086  20004086 MEM 0,XFR,QS_A,0,0,0, ,OS_X, ,0x86 -- 86: STX dp
0418 0x0087  C0000087 INV 0,XFR,QS_A,0,0,0, , , ,0x87 -- 87: NOP
0419 0x0088  07FB7988 INT 0,DEC,QS_Y,1,1,1,WS_Y,OS_Y,NZ ,0x88 -- 88: DEY
0420 0x0089  2C061889 MEM 0,BIT,QS_A,0,0,0,WS_P, ,Z ,0x89 -- 89: BIT #imm
0421 0x008A  0001598A INT 0,XFR,QS_A,0,0,0,WS_A,OS_X,NZ ,0x8A -- 8A: TXA
0422 0x008B  C000008B INV 0,XFR,QS_A,0,0,0, , , ,0x8B -- 8B: NOP
0423 0x008C  2000608C MEM 0,XFR,QS_A,0,0,0, ,OS_Y, ,0x8C -- 8C: STY abs
0424 0x008D  2000208D MEM 0,XFR,QS_A,0,0,0, ,OS_A, ,0x8D -- 8D: STA abs
0425 0x008E  2000408E MEM 0,XFR,QS_A,0,0,0, ,OS_X, ,0x8E -- 8E: STX abs
0426 0x008F  C000008F INV 0,XFR,QS_A,0,0,0, , , ,0x8F -- 8F: NOP
0428  --------------------------------------------------------------------------------
0430 0x0090  60000890 JMP 0,XFR,QS_A,0,0,0, , ,CC ,0x90 -- 90: BCC rel
0431 0x0091  20002091 MEM 0,XFR,QS_A,0,0,0, ,OS_A, ,0x91 -- 91: STA (dp),Y
0432 0x0092  20002092 MEM 0,XFR,QS_A,0,0,0, ,OS_A, ,0x92 -- 92: STA (dp)
0433 0x0093  C0000093 INV 0,XFR,QS_A,0,0,0, , , ,0x93 -- 93: NOP
0434 0x0094  20006094 MEM 0,XFR,QS_A,0,0,0, ,OS_Y, ,0x94 -- 94: STY dp,X
0435 0x0095  20002095 MEM 0,XFR,QS_A,0,0,0, ,OS_A, ,0x95 -- 95: STA dp,X
0436 0x0096  20004096 MEM 0,XFR,QS_A,0,0,0, ,OS_X, ,0x96 -- 96: STX dp,Y
0437 0x0097  C0000097 INV 0,XFR,QS_A,0,0,0, , , ,0x97 -- 97: NOP
0438 0x0098  00017998 INT 0,XFR,QS_A,0,0,0,WS_A,OS_Y,NZ ,0x98 -- 98: TYA
0439 0x0099  20002099 MEM 0,XFR,QS_A,0,0,0, ,OS_A, ,0x99 -- 99: STA abs,Y
0440 0x009A  0005409A INT 0,XFR,QS_A,0,0,0,WS_S,OS_X, ,0x9A -- 9A: TXS
0441 0x009B  C000009B INV 0,XFR,QS_A,0,0,0, , , ,0x9B -- 9B: NOP
0442 0x009C  2000809C MEM 0,XFR,QS_A,0,0,0, ,OS_Z, ,0x9C -- 9C: STZ abs
0443 0x009D  2000209D MEM 0,XFR,QS_A,0,0,0, ,OS_A, ,0x9D -- 9D: STA abs,X
0444 0x009E  2000809E MEM 0,XFR,QS_A,0,0,0, ,OS_Z, ,0x9E -- 9E: STZ abs,X
0445 0x009F  C000009F INV 0,XFR,QS_A,0,0,0, , , ,0x9F -- 9F: NOP
0447  --------------------------------------------------------------------------------
0449 0x00A0  200319A0 MEM 0,XFR,QS_A,0,0,0,WS_Y, ,NZ ,0xA0 -- A0: LDY #imm
0450 0x00A1  200119A1 MEM 0,XFR,QS_A,0,0,0,WS_A, ,NZ ,0xA1 -- A1: LDA (dp,X)
0451 0x00A2  200219A2 MEM 0,XFR,QS_A,0,0,0,WS_X, ,NZ ,0xA2 -- A2: LDX #imm
0452 0x00A3  C00000A3 INV 0,XFR,QS_A,0,0,0, , , ,0xA3 -- A3: NOP
0453 0x00A4  200319A4 MEM 0,XFR,QS_A,0,0,0,WS_Y, ,NZ ,0xA4 -- A4: LDY dp
0454 0x00A5  200119A5 MEM 0,XFR,QS_A,0,0,0,WS_A, ,NZ ,0xA5 -- A5: LDA dp
0455 0x00A6  200219A6 MEM 0,XFR,QS_A,0,0,0,WS_X, ,NZ ,0xA6 -- A6: LDX dp
0456 0x00A7  C00000A7 INV 0,XFR,QS_A,0,0,0, , , ,0xA7 -- A7: NOP
0457 0x00A8  000339A8 INT 0,XFR,QS_A,0,0,0,WS_Y,OS_A,NZ ,0xA8 -- A8: TAY
0458 0x00A9  200119A9 MEM 0,XFR,QS_A,0,0,0,WS_A, ,NZ ,0xA9 -- A9: LDA #imm
0459 0x00AA  000239AA INT 0,XFR,QS_A,0,0,0,WS_X,OS_A,NZ ,0xAA -- AA: TAX
0460 0x00AB  C00000AB INV 0,XFR,QS_A,0,0,0, , , ,0xAB -- AB: NOP
0461 0x00AC  200319AC MEM 0,XFR,QS_A,0,0,0,WS_Y, ,NZ ,0xAC -- AC: LDY abs
0462 0x00AD  200119AD MEM 0,XFR,QS_A,0,0,0,WS_A, ,NZ ,0xAD -- AD: LDA abs
0463 0x00AE  200219AE MEM 0,XFR,QS_A,0,0,0,WS_X, ,NZ ,0xAE -- AE: LDX abs
0464 0x00AF  C00000AF INV 0,XFR,QS_A,0,0,0, , , ,0xAF -- AF: NOP
0466  --------------------------------------------------------------------------------
0468 0x00B0  600009B0 JMP 0,XFR,QS_A,0,0,0, , ,CS ,0xB0 -- B0: BCS rel
0469 0x00B1  200119B1 MEM 0,XFR,QS_A,0,0,0,WS_A, ,NZ ,0xB1 -- B1: LDA (dp),Y
0470 0x00B2  200119B2 MEM 0,XFR,QS_A,0,0,0,WS_A, ,NZ ,0xB2 -- B2: LDA (dp)
0471 0x00B3  C00000B3 INV 0,XFR,QS_A,0,0,0, , , ,0xB3 -- B3: NOP
0472 0x00B4  200319B4 MEM 0,XFR,QS_A,0,0,0,WS_Y, ,NZ ,0xB4 -- B4: LDY dp,X
0473 0x00B5  200119B5 MEM 0,XFR,QS_A,0,0,0,WS_A, ,NZ ,0xB5 -- B5: LDA dp,X
0474 0x00B6  200219B6 MEM 0,XFR,QS_A,0,0,0,WS_X, ,NZ ,0xB6 -- B6: LDX dp,Y
0475 0x00B7  C00000B7 INV 0,XFR,QS_A,0,0,0, , , ,0xB7 -- B7: NOP
0476 0x00B8  000616B8 INT 0,XFR,QS_A,0,0,0,WS_P, ,CLV ,0xB8 -- B8: CLV
0477 0x00B9  200119B9 MEM 0,XFR,QS_A,0,0,0,WS_A, ,NZ ,0xB9 -- B9: LDA abs,Y
0478 0x00BA  0002B9BA INT 0,XFR,QS_A,0,0,0,WS_X,OS_S,NZ ,0xBA -- BA: TSX
0479 0x00BB  C00000BB INV 0,XFR,QS_A,0,0,0, , , ,0xBB -- BB: NOP
0480 0x00BC  200319BC MEM 0,XFR,QS_A,0,0,0,WS_Y, ,NZ ,0xBC -- BC: LDY abs,X
0481 0x00BD  200119BD MEM 0,XFR,QS_A,0,0,0,WS_A, ,NZ ,0xBD -- BD: LDA abs,X
0482 0x00BE  200219BE MEM 0,XFR,QS_A,0,0,0,WS_X, ,NZ ,0xBE -- BE: LDX abs,Y
0483 0x00BF  C00000BF INV 0,XFR,QS_A,0,0,0, , , ,0xBF -- BF: NOP
0485  --------------------------------------------------------------------------------
0487 0x00C0  2FDE1AC0 MEM 0,CMP,QS_Y,0,1,1,WS_P, ,NZC ,0xC0 -- C0: CPY #imm
0488 0x00C1  2F1E1AC1 MEM 0,CMP,QS_A,0,1,1,WS_P, ,NZC ,0xC1 -- C1: CMP (dp,X)
0489 0x00C2  C00000C2 INV 0,XFR,QS_A,0,0,0, , , ,0xC2 -- C2: NOP
0490 0x00C3  C00000C3 INV 0,XFR,QS_A,0,0,0, , , ,0xC3 -- C3: NOP
0491 0x00C4  2FDE1AC4 MEM 0,CMP,QS_Y,0,1,1,WS_P, ,NZC ,0xC4 -- C4: CPY dp
0492 0x00C5  2F1E1AC5 MEM 0,CMP,QS_A,0,1,1,WS_P, ,NZC ,0xC5 -- C5: CMP dp
0493 0x00C6  377E19C6 MEM 1,DEC,QS_M,1,1,1,WS_P, ,NZ ,0xC6 -- C6: DEC dp
0494 0x00C7  C00000C7 INV 0,XFR,QS_A,0,0,0, , , ,0xC7 -- C7: NOP
0495 0x00C8  06EB19C8 INT 0,INC,QS_Y,1,0,1,WS_Y, ,NZ ,0xC8 -- C8: INY
0496 0x00C9  2F1E1AC9 MEM 0,CMP,QS_A,0,1,1,WS_P, ,NZC ,0xC9 -- C9: CMP #imm
0497 0x00CA  07BA19CA INT 0,DEC,QS_X,1,1,1,WS_X, ,NZ ,0xCA -- CA: DEX
0498 0x00CB  C00000CB INV 0,XFR,QS_A,0,0,0, , , ,0xCB -- CB: NOP
0499 0x00CC  2FDE1ACC MEM 0,CMP,QS_Y,0,1,1,WS_P, ,NZC ,0xCC -- CC: CPY abs
0500 0x00CD  2F1E1ACD MEM 0,CMP,QS_A,0,1,1,WS_P, ,NZC ,0xCD -- CD: CMP abs
0501 0x00CE  377E19CE MEM 1,DEC,QS_M,1,1,1,WS_P, ,NZ ,0xCE -- CE: DEC abs
0502 0x00CF  C00000CF INV 0,XFR,QS_A,0,0,0, , , ,0xCF -- CF: NOP
0504  --------------------------------------------------------------------------------
0506 0x00D0  60000AD0 JMP 0,XFR,QS_A,0,0,0, , ,NE ,0xD0 -- D0: BNE rel
0507 0x00D1  2F1E1AD1 MEM 0,CMP,QS_A,0,1,1,WS_P, ,NZC ,0xD1 -- D1: CMP (dp),Y
0508 0x00D2  2F1E1AD2 MEM 0,CMP,QS_A,0,1,1,WS_P, ,NZC ,0xD2 -- D2: CMP (dp)
0509 0x00D3  C00000D3 INV 0,XFR,QS_A,0,0,0, , , ,0xD3 -- D3: NOP
0510 0x00D4  C00000D4 INV 0,XFR,QS_A,0,0,0, , , ,0xD4 -- D4: NOP
0511 0x00D5  2F1E1AD5 MEM 0,CMP,QS_A,0,1,1,WS_P, ,NZC ,0xD5 -- D5: CMP dp,X
0512 0x00D6  377E19D6 MEM 1,DEC,QS_M,1,1,1,WS_P, ,NZ ,0xD6 -- D6: DEC dp,X
0513 0x00D7  C00000D7 INV 0,XFR,QS_A,0,0,0, , , ,0xD7 -- D7: NOP
0514 0x00D8  000614D8 INT 0,XFR,QS_A,0,0,0,WS_P, ,CLD ,0xD8 -- D8: CLD
0515 0x00D9  2F1E1AD9 MEM 0,CMP,QS_A,0,1,1,WS_P, ,NZC ,0xD9 -- D9: CMP abs,Y
0516 0x00DA  400040DA STK 0,XFR,QS_A,0,0,0, ,OS_X, ,0xDA -- DA: PHX
0517 0x00DB  C00000DB INV 0,XFR,QS_A,0,0,0, , , ,0xDB -- DB: NOP
0518 0x00DC  C00000DC INV 0,XFR,QS_A,0,0,0, , , ,0xDC -- DC: NOP
0519 0x00DD  2F1E1ADD MEM 0,CMP,QS_A,0,1,1,WS_P, ,NZC ,0xDD -- DD: CMP abs,X
0520 0x00DE  377E19DE MEM 1,DEC,QS_M,1,1,1,WS_P, ,NZ ,0xDE -- DE: DEC abs,X
0521 0x00DF  C00000DF INV 0,XFR,QS_A,0,0,0, , , ,0xDF -- DF: NOP
0523  --------------------------------------------------------------------------------
0525 0x00E0  2F9E1AE0 MEM 0,CMP,QS_X,0,1,1,WS_P, ,NZC ,0xE0 -- E0: CPX #imm
0526 0x00E1  25111CE1 MEM 0,SBC,QS_A,0,1,0,WS_A, ,NVZC,0xE1 -- E1: SBC (dp,X)
0527 0x00E2  C00000E2 INV 0,XFR,QS_A,0,0,0, , , ,0xE2 -- E2: NOP
0528 0x00E3  C00000E3 INV 0,XFR,QS_A,0,0,0, , , ,0xE3 -- E3: NOP
0529 0x00E4  2F9E1AE4 MEM 0,CMP,QS_X,0,1,1,WS_P, ,NZC ,0xE4 -- E4: CPX dp
0530 0x00E5  25111CE5 MEM 0,SBC,QS_A,0,1,0,WS_A, ,NVZC,0xE5 -- E5: SBC dp
0531 0x00E6  366E19E6 MEM 1,INC,QS_M,1,0,1,WS_P, ,NZ ,0xE6 -- E6: INC dp
0532 0x00E7  C00000E7 INV 0,XFR,QS_A,0,0,0, , , ,0xE7 -- E7: NOP
0533 0x00E8  06AA19E8 INT 0,INC,QS_X,1,0,1,WS_X, ,NZ ,0xE8 -- E8: INX
0534 0x00E9  25111CE9 MEM 0,SBC,QS_A,0,1,0,WS_A, ,NVZC,0xE9 -- E9: SBC #imm
0535 0x00EA  000000EA INT 0,XFR,QS_A,0,0,0, , , ,0xEA -- EA: NOP
0536 0x00EB  C00000EB INV 0,XFR,QS_A,0,0,0, , , ,0xEB -- EB: NOP
0537 0x00EC  2F9E1AEC MEM 0,CMP,QS_X,0,1,1,WS_P, ,NZC ,0xEC -- EC: CPX abs
0538 0x00ED  25111CED MEM 0,SBC,QS_A,0,1,0,WS_A, ,NVZC,0xED -- ED: SBC abs
0539 0x00EE  366E19EE MEM 1,INC,QS_M,1,0,1,WS_P, ,NZ ,0xEE -- EE: INC abs
0540 0x00EF  C00000EF INV 0,XFR,QS_A,0,0,0, , , ,0xEF -- EF: NOP
0542  --------------------------------------------------------------------------------
0544 0x00F0  60000BF0 JMP 0,XFR,QS_A,0,0,0, , ,EQ ,0xF0 -- F0: BEQ rel
0545 0x00F1  25111CF1 MEM 0,SBC,QS_A,0,1,0,WS_A, ,NVZC,0xF1 -- F1: SBC (dp),Y
0546 0x00F2  25111CF2 MEM 0,SBC,QS_A,0,1,0,WS_A, ,NVZC,0xF2 -- F2: SBC (dp)
0547 0x00F3  C00000F3 INV 0,XFR,QS_A,0,0,0, , , ,0xF3 -- F3: NOP
0548 0x00F4  C00000F4 INV 0,XFR,QS_A,0,0,0, , , ,0xF4 -- F4: NOP
0549 0x00F5  25111CF5 MEM 0,SBC,QS_A,0,1,0,WS_A, ,NVZC,0xF5 -- F5: SBC dp,X
0550 0x00F6  366E19F6 MEM 1,INC,QS_M,1,0,1,WS_P, ,NZ ,0xF6 -- F6: INC dp,X
0551 0x00F7  C00000F7 INV 0,XFR,QS_A,0,0,0, , , ,0xF7 -- F7: NOP
0552 0x00F8  000615F8 INT 0,XFR,QS_A,0,0,0,WS_P, ,SED ,0xF8 -- F8: SED
0553 0x00F9  25111CF9 MEM 0,SBC,QS_A,0,1,0,WS_A, ,NVZC,0xF9 -- F9: SBC abs,Y
0554 0x00FA  404219FA STK 0,XFR,QS_M,0,0,0,WS_X, ,NZ ,0xFA -- FA: PLX
0555 0x00FB  C00000FB INV 0,XFR,QS_A,0,0,0, , , ,0xFB -- FB: NOP
0556 0x00FC  C00000FC INV 0,XFR,QS_A,0,0,0, , , ,0xFC -- FC: NOP
0557 0x00FD  25111CFD MEM 0,SBC,QS_A,0,1,0,WS_A, ,NVZC,0xFD -- FD: SBC abs,X
0558 0x00FE  366E19FE MEM 1,INC,QS_M,1,0,1,WS_P, ,NZ ,0xFE -- FE: INC abs,X
0559 0x00FF  C00000FF INV 0,XFR,QS_A,0,0,0, , , ,0xFF -- FF: NOP
0561  --------------------------------------------------------------------------------
0563 0x0100 _end:
